2021-09-23 08:20:27,392:write_in_json:INFO:File created and saved successfully
2021-09-23 08:38:58,328:add_ingredient:INFO:added details of ingredients
2021-09-23 08:39:01,637:write_in_json:INFO:File created and saved successfully
2021-09-23 08:39:30,049:calculate_ingredient:INFO:added details of ingredients
2021-09-23 08:41:51,989:add_ingredient:INFO:added details of ingredients
2021-09-23 08:42:44,828:add_ingredient:INFO:added details of ingredients
2021-09-23 08:42:48,167:write_in_json:INFO:File created and saved successfully
2021-09-23 08:46:52,716:calculate_ingredient:INFO:added details of ingredients
2021-09-23 08:47:34,811:calculate_ingredient:INFO:added details of ingredients
2021-09-23 08:48:19,895:calculate_ingredient:INFO:added details of ingredients
2021-09-23 08:53:19,468:add_ingredient:ERROR:enter valid option
2021-09-23 08:54:46,985:add_ingredient:INFO:added details of ingredients
2021-09-23 08:55:22,359:add_ingredient:INFO:added details of ingredients
2021-09-23 08:55:51,086:add_ingredient:INFO:added details of ingredients
2021-09-23 08:55:59,393:write_in_json:INFO:File created and saved successfully
2021-09-23 08:56:59,240:calculate_ingredient:INFO:added details of ingredients
2021-09-23 08:57:53,912:calculate_ingredient:INFO:added details of ingredients
2021-09-23 08:58:14,085:calculate_ingredient:INFO:added details of ingredients
2021-09-23 09:00:06,967:<module>:ERROR:enter valid option
2021-09-23 09:01:33,494:add_ingredient:INFO:added details of ingredients
2021-09-23 09:01:37,891:write_in_json:INFO:File created and saved successfully
2021-09-23 09:05:12,277:add_ingredient:INFO:added details of ingredients
2021-09-23 09:05:17,833:write_in_json:INFO:File created and saved successfully
2021-09-23 09:05:51,494:calculate_ingredient:INFO:added details of ingredients
